profile/build/outputs/logs/manifest-merger-debug-report.txt
-- Merging decision tree log ---
manifest
ADDED from src/main/AndroidManifest.xml:1:1-48:12
	package
		ADDED from src/main/AndroidManifest.xml:3:5-38
		INJECTED from src/main/AndroidManifest.xml
		INJECTED from src/main/AndroidManifest.xml
	android:versionName
		ADDED from src/main/AndroidManifest.xml:5:5-30
		INJECTED from src/main/AndroidManifest.xml
		INJECTED from src/main/AndroidManifest.xml
	xmlns:tools
		ADDED from src/main/AndroidManifest.xml:2:5-51
	android:versionCode
		ADDED from src/main/AndroidManifest.xml:4:5-28
		INJECTED from src/main/AndroidManifest.xml
		INJECTED from src/main/AndroidManifest.xml
	xmlns:android
		ADDED from src/main/AndroidManifest.xml:1:11-69
uses-sdk
ADDED from src/main/AndroidManifest.xml:7:5-9:41
MERGED from [Profile1:uploader:unspecified] AndroidManifest.xml:8:5-10:41
MERGED from [Profile1:session:unspecified] AndroidManifest.xml:7:5-9:41
MERGED from [Profile1:connection:unspecified] AndroidManifest.xml:7:5-9:41
MERGED from [com.android.support:appcompat-v7:23.4.0] AndroidManifest.xml:21:5-23:78
MERGED from [com.android.support:animated-vector-drawable:23.4.0] AndroidManifest.xml:5:5-44
MERGED from [com.android.support:support-vector-drawable:23.4.0] AndroidManifest.xml:5:5-43
MERGED from [com.android.support:support-v4:23.4.0] AndroidManifest.xml:20:5-43
MERGED from [Profile1:multipleTypesAdapter:unspecified] AndroidManifest.xml:7:5-9:41
MERGED from [com.android.support:design:23.4.0] AndroidManifest.xml:20:5-43
MERGED from [com.android.support:recyclerview-v7:23.4.0] AndroidManifest.xml:20:5-43
MERGED from [com.android.support:cardview-v7:23.4.0] AndroidManifest.xml:20:5-43
MERGED from [Profile1:communicator:unspecified] AndroidManifest.xml:7:5-9:41
	tools:overrideLibrary
		ADDED from [com.android.support:appcompat-v7:23.4.0] AndroidManifest.xml:23:9-75
	android:targetSdkVersion
		ADDED from src/main/AndroidManifest.xml:9:9-38
		INJECTED from src/main/AndroidManifest.xml
		INJECTED from src/main/AndroidManifest.xml
	android:minSdkVersion
		ADDED from src/main/AndroidManifest.xml:8:9-35
		INJECTED from src/main/AndroidManifest.xml
		INJECTED from src/main/AndroidManifest.xml
uses-permission#android.permission.ACCESS_WIFI_STATE
ADDED from src/main/AndroidManifest.xml:11:2-73
MERGED from [Profile1:uploader:unspecified] AndroidManifest.xml:12:5-76
MERGED from [Profile1:session:unspecified] AndroidManifest.xml:11:5-76
MERGED from [Profile1:connection:unspecified] AndroidManifest.xml:11:5-76
MERGED from [Profile1:multipleTypesAdapter:unspecified] AndroidManifest.xml:11:5-76
MERGED from [Profile1:communicator:unspecified] AndroidManifest.xml:11:5-76
	android:name
		ADDED from src/main/AndroidManifest.xml:11:19-70
uses-permission#android.permission.ACCESS_NETWORK_STATE
ADDED from src/main/AndroidManifest.xml:12:5-79
MERGED from [Profile1:uploader:unspecified] AndroidManifest.xml:13:5-79
MERGED from [Profile1:session:unspecified] AndroidManifest.xml:12:5-79
MERGED from [Profile1:connection:unspecified] AndroidManifest.xml:12:5-79
MERGED from [Profile1:multipleTypesAdapter:unspecified] AndroidManifest.xml:12:5-79
MERGED from [Profile1:communicator:unspecified] AndroidManifest.xml:12:5-79
	android:name
		ADDED from src/main/AndroidManifest.xml:12:22-76
uses-permission#android.permission.CHANGE_WIFI_STATE
ADDED from src/main/AndroidManifest.xml:13:5-76
MERGED from [Profile1:uploader:unspecified] AndroidManifest.xml:14:5-76
MERGED from [Profile1:session:unspecified] AndroidManifest.xml:13:5-76
MERGED from [Profile1:connection:unspecified] AndroidManifest.xml:13:5-76
MERGED from [Profile1:multipleTypesAdapter:unspecified] AndroidManifest.xml:13:5-76
MERGED from [Profile1:communicator:unspecified] AndroidManifest.xml:13:5-76
	android:name
		ADDED from src/main/AndroidManifest.xml:13:22-73
uses-permission#android.permission.READ_PHONE_STATE
ADDED from src/main/AndroidManifest.xml:14:5-75
MERGED from [Profile1:uploader:unspecified] AndroidManifest.xml:15:5-75
MERGED from [Profile1:session:unspecified] AndroidManifest.xml:14:5-75
MERGED from [Profile1:connection:unspecified] AndroidManifest.xml:14:5-75
MERGED from [Profile1:multipleTypesAdapter:unspecified] AndroidManifest.xml:14:5-75
MERGED from [Profile1:communicator:unspecified] AndroidManifest.xml:14:5-75
	android:name
		ADDED from src/main/AndroidManifest.xml:14:22-72
uses-permission#android.permission.WRITE_EXTERNAL_STORAGE
ADDED from src/main/AndroidManifest.xml:15:5-81
MERGED from [Profile1:uploader:unspecified] AndroidManifest.xml:16:5-81
MERGED from [Profile1:session:unspecified] AndroidManifest.xml:15:5-81
MERGED from [Profile1:connection:unspecified] AndroidManifest.xml:15:5-81
MERGED from [Profile1:multipleTypesAdapter:unspecified] AndroidManifest.xml:15:5-81
MERGED from [Profile1:communicator:unspecified] AndroidManifest.xml:15:5-81
	android:name
		ADDED from src/main/AndroidManifest.xml:15:22-78
uses-permission#android.permission.INTERNET
ADDED from src/main/AndroidManifest.xml:16:5-67
MERGED from [Profile1:uploader:unspecified] AndroidManifest.xml:17:5-67
MERGED from [Profile1:session:unspecified] AndroidManifest.xml:16:5-67
MERGED from [Profile1:connection:unspecified] AndroidManifest.xml:16:5-67
MERGED from [Profile1:multipleTypesAdapter:unspecified] AndroidManifest.xml:16:5-67
MERGED from [Profile1:communicator:unspecified] AndroidManifest.xml:16:5-67
	android:name
		ADDED from src/main/AndroidManifest.xml:16:22-64
uses-permission#android.permission.MOUNT_UNMOUNT_FILESYSTEMS
ADDED from src/main/AndroidManifest.xml:17:5-84
MERGED from [Profile1:uploader:unspecified] AndroidManifest.xml:18:5-84
MERGED from [Profile1:session:unspecified] AndroidManifest.xml:17:5-84
MERGED from [Profile1:connection:unspecified] AndroidManifest.xml:17:5-84
MERGED from [Profile1:multipleTypesAdapter:unspecified] AndroidManifest.xml:17:5-84
MERGED from [Profile1:communicator:unspecified] AndroidManifest.xml:17:5-84
	android:name
		ADDED from src/main/AndroidManifest.xml:17:22-81
uses-permission#android.permission.READ_LOGS
ADDED from src/main/AndroidManifest.xml:18:5-68
MERGED from [Profile1:uploader:unspecified] AndroidManifest.xml:19:5-68
MERGED from [Profile1:session:unspecified] AndroidManifest.xml:18:5-68
MERGED from [Profile1:connection:unspecified] AndroidManifest.xml:18:5-68
MERGED from [Profile1:multipleTypesAdapter:unspecified] AndroidManifest.xml:18:5-68
MERGED from [Profile1:communicator:unspecified] AndroidManifest.xml:18:5-68
	android:name
		ADDED from src/main/AndroidManifest.xml:18:22-65
application
ADDED from src/main/AndroidManifest.xml:21:5-46:19
MERGED from [Profile1:uploader:unspecified] AndroidManifest.xml:21:5-36:19
MERGED from [Profile1:session:unspecified] AndroidManifest.xml:20:5-34:19
MERGED from [Profile1:connection:unspecified] AndroidManifest.xml:20:5-34:19
MERGED from [com.android.support:appcompat-v7:23.4.0] AndroidManifest.xml:25:5-20
MERGED from [com.android.support:animated-vector-drawable:23.4.0] AndroidManifest.xml:7:5-20
MERGED from [com.android.support:support-vector-drawable:23.4.0] AndroidManifest.xml:7:5-20
MERGED from [com.android.support:support-v4:23.4.0] AndroidManifest.xml:22:5-20
MERGED from [Profile1:multipleTypesAdapter:unspecified] AndroidManifest.xml:20:5-34:19
MERGED from [com.android.support:design:23.4.0] AndroidManifest.xml:22:5-20
MERGED from [com.android.support:cardview-v7:23.4.0] AndroidManifest.xml:22:5-20
MERGED from [Profile1:communicator:unspecified] AndroidManifest.xml:20:5-29:19
	android:label
		ADDED from src/main/AndroidManifest.xml:24:9-41
	android:allowBackup
		ADDED from src/main/AndroidManifest.xml:22:9-35
	android:icon
		ADDED from src/main/AndroidManifest.xml:23:9-45
	android:theme
		ADDED from src/main/AndroidManifest.xml:25:9-44
		REJECTED from [Profile1:uploader:unspecified] AndroidManifest.xml:25:9-40
		REJECTED from [Profile1:session:unspecified] AndroidManifest.xml:24:9-40
		REJECTED from [Profile1:connection:unspecified] AndroidManifest.xml:24:9-40
		REJECTED from [Profile1:multipleTypesAdapter:unspecified] AndroidManifest.xml:24:9-48
		REJECTED from [Profile1:communicator:unspecified] AndroidManifest.xml:24:9-40
	tools:replace
		ADDED from src/main/AndroidManifest.xml:26:9-38
activity#com.ivanov.tech.profile.demo.DemoActivity
ADDED from src/main/AndroidManifest.xml:28:9-36:20
	android:label
		ADDED from src/main/AndroidManifest.xml:30:13-45
	android:name
		ADDED from src/main/AndroidManifest.xml:29:13-69
intent-filter#android.intent.action.MAIN+android.intent.category.LAUNCHER
ADDED from src/main/AndroidManifest.xml:31:13-35:29
action#android.intent.action.MAIN
ADDED from src/main/AndroidManifest.xml:32:17-69
	android:name
		ADDED from src/main/AndroidManifest.xml:32:25-66
category#android.intent.category.LAUNCHER
ADDED from src/main/AndroidManifest.xml:34:17-77
	android:name
		ADDED from src/main/AndroidManifest.xml:34:27-74
service#com.ivanov.tech.profile.service.CommunicatorService
ADDED from src/main/AndroidManifest.xml:38:9-40:16
	android:exported
		ADDED from src/main/AndroidManifest.xml:39:15-39
	android:name
		ADDED from src/main/AndroidManifest.xml:38:18-61
provider#com.ivanov.tech.profile.provider.DBContentProvider
ADDED from src/main/AndroidManifest.xml:42:9-44:89
	android:readPermission
		ADDED from src/main/AndroidManifest.xml:43:13-42
	android:authorities
		ADDED from src/main/AndroidManifest.xml:44:13-86
	android:exported
		ADDED from src/main/AndroidManifest.xml:42:62-86
	android:name
		ADDED from src/main/AndroidManifest.xml:42:19-61
	android:writePermission
		ADDED from src/main/AndroidManifest.xml:43:43-73
activity#com.ivanov.tech.uploader.demo.ActivityDemo
ADDED from [Profile1:uploader:unspecified] AndroidManifest.xml:27:9-35:20
	android:label
		ADDED from [Profile1:uploader:unspecified] AndroidManifest.xml:29:13-45
	android:name
		ADDED from [Profile1:uploader:unspecified] AndroidManifest.xml:28:13-70
activity#com.ivanov.tech.session.demo.ActivityDemo
ADDED from [Profile1:session:unspecified] AndroidManifest.xml:25:9-33:20
	android:label
		ADDED from [Profile1:session:unspecified] AndroidManifest.xml:27:13-45
	android:name
		ADDED from [Profile1:session:unspecified] AndroidManifest.xml:26:13-69
activity#com.ivanov.tech.connection.demo.ActivityDemo
ADDED from [Profile1:connection:unspecified] AndroidManifest.xml:25:9-33:20
	android:label
		ADDED from [Profile1:connection:unspecified] AndroidManifest.xml:27:13-45
	android:name
		ADDED from [Profile1:connection:unspecified] AndroidManifest.xml:26:13-72
activity#com.ivanov.tech.multipletypesadapter.demo.ActivityDemo
ADDED from [Profile1:multipleTypesAdapter:unspecified] AndroidManifest.xml:25:9-33:20
	android:label
		ADDED from [Profile1:multipleTypesAdapter:unspecified] AndroidManifest.xml:27:13-45
	android:name
		ADDED from [Profile1:multipleTypesAdapter:unspecified] AndroidManifest.xml:26:13-82
service#com.ivanov.tech.communicator.service.CommunicatorService
ADDED from [Profile1:communicator:unspecified] AndroidManifest.xml:25:9-28:19
	android:exported
		ADDED from [Profile1:communicator:unspecified] AndroidManifest.xml:27:13-37
	android:name
		ADDED from [Profile1:communicator:unspecified] AndroidManifest.xml:26:13-84
android:uses-permission#android.permission.READ_EXTERNAL_STORAGE
IMPLIED from src/main/AndroidManifest.xml:1:1-48:12 reason: com.ivanov.tech.communicator requested WRITE_EXTERNAL_STORAGE